0 info it worked if it ends with ok
1 verbose cli [ 'node', '/usr/local/bin/npm', 'i', '--save', 'react-prism' ]
2 info using npm@2.11.3
3 info using node@v0.12.7
4 verbose install initial load of /Users/BoB/Prog/getwarm/package.json
5 warn package.json getwarm.io@0.0.1 No license field.
6 verbose installManyTop reading scoped package data from /Users/BoB/Prog/getwarm/node_modules/async/package.json
7 verbose installManyTop reading scoped package data from /Users/BoB/Prog/getwarm/node_modules/browser-sync/package.json
8 verbose installManyTop reading scoped package data from /Users/BoB/Prog/getwarm/node_modules/browserify/package.json
9 verbose installManyTop reading scoped package data from /Users/BoB/Prog/getwarm/node_modules/chalk/package.json
10 verbose installManyTop reading scoped package data from /Users/BoB/Prog/getwarm/node_modules/del/package.json
11 verbose installManyTop reading scoped package data from /Users/BoB/Prog/getwarm/node_modules/envify/package.json
12 verbose installManyTop reading scoped package data from /Users/BoB/Prog/getwarm/node_modules/flux/package.json
13 verbose installManyTop reading scoped package data from /Users/BoB/Prog/getwarm/node_modules/gulp/package.json
14 verbose installManyTop reading scoped package data from /Users/BoB/Prog/getwarm/node_modules/gulp-autoprefixer/package.json
15 verbose installManyTop reading scoped package data from /Users/BoB/Prog/getwarm/node_modules/gulp-compass/package.json
16 verbose installManyTop reading scoped package data from /Users/BoB/Prog/getwarm/node_modules/gulp-csso/package.json
17 verbose installManyTop reading scoped package data from /Users/BoB/Prog/getwarm/node_modules/gulp-debug/package.json
18 verbose installManyTop reading scoped package data from /Users/BoB/Prog/getwarm/node_modules/gulp-filter/package.json
19 verbose installManyTop reading scoped package data from /Users/BoB/Prog/getwarm/node_modules/gulp-imagemin/package.json
20 verbose installManyTop reading scoped package data from /Users/BoB/Prog/getwarm/node_modules/gulp-load-plugins/package.json
21 verbose installManyTop reading scoped package data from /Users/BoB/Prog/getwarm/node_modules/gulp-plumber/package.json
22 verbose installManyTop reading scoped package data from /Users/BoB/Prog/getwarm/node_modules/gulp-size/package.json
23 verbose installManyTop reading scoped package data from /Users/BoB/Prog/getwarm/node_modules/gulp-useref/package.json
24 verbose installManyTop reading scoped package data from /Users/BoB/Prog/getwarm/node_modules/highlight.js/package.json
25 verbose installManyTop reading scoped package data from /Users/BoB/Prog/getwarm/node_modules/http-proxy/package.json
26 verbose installManyTop reading scoped package data from /Users/BoB/Prog/getwarm/node_modules/jquery/package.json
27 verbose installManyTop reading scoped package data from /Users/BoB/Prog/getwarm/node_modules/jshint-stylish/package.json
28 verbose installManyTop reading scoped package data from /Users/BoB/Prog/getwarm/node_modules/keymirror/package.json
29 verbose installManyTop reading scoped package data from /Users/BoB/Prog/getwarm/node_modules/lodash/package.json
30 verbose installManyTop reading scoped package data from /Users/BoB/Prog/getwarm/node_modules/maestroform/package.json
31 verbose installManyTop reading scoped package data from /Users/BoB/Prog/getwarm/node_modules/main-bower-files/package.json
32 verbose installManyTop reading scoped package data from /Users/BoB/Prog/getwarm/node_modules/nprogress/package.json
33 verbose installManyTop reading scoped package data from /Users/BoB/Prog/getwarm/node_modules/object-assign/package.json
34 verbose installManyTop reading scoped package data from /Users/BoB/Prog/getwarm/node_modules/protractor/package.json
35 verbose installManyTop reading scoped package data from /Users/BoB/Prog/getwarm/node_modules/randomcolor/package.json
36 verbose installManyTop reading scoped package data from /Users/BoB/Prog/getwarm/node_modules/react/package.json
37 verbose installManyTop reading scoped package data from /Users/BoB/Prog/getwarm/node_modules/react-grid-layout/package.json
38 verbose installManyTop reading scoped package data from /Users/BoB/Prog/getwarm/node_modules/react-prism/package.json
39 verbose installManyTop reading scoped package data from /Users/BoB/Prog/getwarm/node_modules/react-pure-render/package.json
40 verbose installManyTop reading scoped package data from /Users/BoB/Prog/getwarm/node_modules/reactify/package.json
41 verbose installManyTop reading scoped package data from /Users/BoB/Prog/getwarm/node_modules/require-dir/package.json
42 verbose installManyTop reading scoped package data from /Users/BoB/Prog/getwarm/node_modules/showdown/package.json
43 verbose installManyTop reading scoped package data from /Users/BoB/Prog/getwarm/node_modules/uglify-save-license/package.json
44 verbose installManyTop reading scoped package data from /Users/BoB/Prog/getwarm/node_modules/validator/package.json
45 verbose installManyTop reading scoped package data from /Users/BoB/Prog/getwarm/node_modules/vinyl-source-stream/package.json
46 verbose installManyTop reading scoped package data from /Users/BoB/Prog/getwarm/node_modules/websocket/package.json
47 verbose installManyTop reading scoped package data from /Users/BoB/Prog/getwarm/node_modules/wiredep/package.json
48 info package.json browser-sync@1.9.2 No license field.
49 info package.json keymirror@0.1.1 No license field.
50 info package.json maestroform@0.1.1 license should be a valid SPDX license expression
51 info package.json uglify-save-license@0.4.1 No license field.
52 info package.json wiredep@1.8.6 No license field.
53 info package.json jquery@2.1.4 No license field.
54 verbose readDependencies loading dependencies from /Users/BoB/Prog/getwarm/package.json
55 verbose install react-prism is installed as 3.0.0
56 silly cache add args [ 'react-prism', null ]
57 verbose cache add spec react-prism
58 silly cache add parsed spec { raw: 'react-prism',
58 silly cache add   scope: null,
58 silly cache add   name: 'react-prism',
58 silly cache add   rawSpec: '',
58 silly cache add   spec: '*',
58 silly cache add   type: 'range' }
59 silly addNamed react-prism@*
60 verbose addNamed "*" is a valid semver range for react-prism
61 silly addNameRange { name: 'react-prism', range: '*', hasData: false }
62 silly mapToRegistry name react-prism
63 silly mapToRegistry using default registry
64 silly mapToRegistry registry https://registry.npmjs.org/
65 silly mapToRegistry uri https://registry.npmjs.org/react-prism
66 verbose addNameRange registry:https://registry.npmjs.org/react-prism not in flight; fetching
67 verbose request uri https://registry.npmjs.org/react-prism
68 verbose request no auth needed
69 info attempt registry request try #1 at 17:24:54
70 verbose request using bearer token for auth
71 verbose request id 742263a2c31adf38
72 verbose etag "8Z4TUNHBOQOYH9USYKPFOPQ29"
73 http request GET https://registry.npmjs.org/react-prism
74 http 304 https://registry.npmjs.org/react-prism
75 silly get cb [ 304,
75 silly get   { 'cache-control': 'max-age=60',
75 silly get     'accept-ranges': 'bytes',
75 silly get     date: 'Fri, 16 Oct 2015 15:24:55 GMT',
75 silly get     via: '1.1 varnish',
75 silly get     connection: 'keep-alive',
75 silly get     'x-served-by': 'cache-fra1247-FRA',
75 silly get     'x-cache': 'MISS',
75 silly get     'x-cache-hits': '0',
75 silly get     'x-timer': 'S1445009095.191424,VS0,VE186' } ]
76 verbose etag https://registry.npmjs.org/react-prism from cache
77 verbose get saving react-prism to /Users/BoB/.npm/registry.npmjs.org/react-prism/.cache.json
78 silly addNameRange number 2 { name: 'react-prism', range: '*', hasData: true }
79 silly addNameRange versions [ 'react-prism',
79 silly addNameRange   [ '1.0.0',
79 silly addNameRange     '1.1.0',
79 silly addNameRange     '1.2.0',
79 silly addNameRange     '1.2.1',
79 silly addNameRange     '1.3.0',
79 silly addNameRange     '1.3.1',
79 silly addNameRange     '1.3.2',
79 silly addNameRange     '1.4.0',
79 silly addNameRange     '1.4.1',
79 silly addNameRange     '2.0.0',
79 silly addNameRange     '3.0.0' ] ]
80 silly addNamed react-prism@3.0.0
81 verbose addNamed "3.0.0" is a plain semver version for react-prism
82 silly cache afterAdd react-prism@3.0.0
83 verbose afterAdd /Users/BoB/.npm/react-prism/3.0.0/package/package.json not in flight; writing
84 verbose afterAdd /Users/BoB/.npm/react-prism/3.0.0/package/package.json written
85 silly install resolved [ { name: 'react-prism',
85 silly install resolved     version: '3.0.0',
85 silly install resolved     description: 'React.js + prismjs syntax hightlight component',
85 silly install resolved     main: 'lib/index.js',
85 silly install resolved     files: [ 'lib/', 'src/', 'CHANGELOG.md' ],
85 silly install resolved     scripts:
85 silly install resolved      { clean: 'rimraf lib',
85 silly install resolved        prebuild: 'npm run lint && npm run clean',
85 silly install resolved        build: 'babel src --out-dir lib',
85 silly install resolved        lint: 'eslint src',
85 silly install resolved        'pretest:cov': 'npm run lint',
85 silly install resolved        pretest: 'npm run lint',
85 silly install resolved        'test:cov': 'babel-node ./node_modules/.bin/isparta cover --report lcov _mocha -- $npm_package_config_mocha',
85 silly install resolved        'test:watch': 'npm test -- --watch',
85 silly install resolved        test: 'mocha $npm_package_config_mocha' },
85 silly install resolved     config: { mocha: '--compilers js:babel/register ./src/**/__tests__/*.spec.js' },
85 silly install resolved     repository:
85 silly install resolved      { type: 'git',
85 silly install resolved        url: 'git+https://github.com/tomchentw/react-prism.git' },
85 silly install resolved     keywords:
85 silly install resolved      [ 'React.js',
85 silly install resolved        'React',
85 silly install resolved        'react-component',
85 silly install resolved        'prismjs',
85 silly install resolved        'prism',
85 silly install resolved        'hightlight',
85 silly install resolved        'hightlight.js',
85 silly install resolved        'google code prettify',
85 silly install resolved        'prettify',
85 silly install resolved        'code prettify',
85 silly install resolved        'syntax',
85 silly install resolved        'syntax hightlight',
85 silly install resolved        'worker',
85 silly install resolved        'webworker' ],
85 silly install resolved     author:
85 silly install resolved      { name: 'tomchentw',
85 silly install resolved        email: 'developer@tomchentw.com',
85 silly install resolved        url: 'https://github.com/tomchentw' },
85 silly install resolved     license: 'MIT',
85 silly install resolved     bugs: { url: 'https://github.com/tomchentw/react-prism/issues' },
85 silly install resolved     homepage: 'https://tomchentw.github.io/react-prism/',
85 silly install resolved     devDependencies:
85 silly install resolved      { babel: '^5.8.23',
85 silly install resolved        'babel-core': '^5.8.25',
85 silly install resolved        'babel-eslint': '^4.1.3',
85 silly install resolved        'codeclimate-test-reporter': '^0.1.1',
85 silly install resolved        eslint: '^1.6.0',
85 silly install resolved        'eslint-plugin-react': '^3.5.1',
85 silly install resolved        expect: '^1.12.0',
85 silly install resolved        isparta: '^3.1.0',
85 silly install resolved        istanbul: '^0.3.22',
85 silly install resolved        jsdom: '^6.5.1',
85 silly install resolved        mocha: '^2.3.3',
85 silly install resolved        'mocha-jsdom': '^1.0.0',
85 silly install resolved        prismjs: 'git+https://github.com/PrismJS/prism.git#gh-pages',
85 silly install resolved        react: '^0.14.0',
85 silly install resolved        'react-addons-test-utils': '^0.14.0',
85 silly install resolved        'react-dom': '^0.14.0',
85 silly install resolved        'react-pure-render': '^1.0.2',
85 silly install resolved        rimraf: '^2.4.3',
85 silly install resolved        'tomchentw-npm-dev': '^3.1.0' },
85 silly install resolved     peerDependencies: { react: '^0.14.0', 'react-pure-render': '^1.0.2' },
85 silly install resolved     gitHead: '5e98c792f41517d0d655e6dd0c6d56755200a99a',
85 silly install resolved     _id: 'react-prism@3.0.0',
85 silly install resolved     _shasum: 'eb9a4baf8fca2862d8485c088fbb197fb71e7a18',
85 silly install resolved     _from: 'react-prism@*',
85 silly install resolved     _npmVersion: '2.14.4',
85 silly install resolved     _nodeVersion: '0.12.7',
85 silly install resolved     _npmUser: { name: 'tomchentw', email: 'developer@tomchentw.com' },
85 silly install resolved     dist:
85 silly install resolved      { shasum: 'eb9a4baf8fca2862d8485c088fbb197fb71e7a18',
85 silly install resolved        tarball: 'http://registry.npmjs.org/react-prism/-/react-prism-3.0.0.tgz' },
85 silly install resolved     maintainers: [ [Object] ],
85 silly install resolved     directories: {},
85 silly install resolved     _resolved: 'https://registry.npmjs.org/react-prism/-/react-prism-3.0.0.tgz',
85 silly install resolved     readme: 'ERROR: No README data found!' } ]
86 info install react-prism@3.0.0 into /Users/BoB/Prog/getwarm
87 info installOne react-prism@3.0.0
88 verbose installOne of react-prism to /Users/BoB/Prog/getwarm not in flight; installing
89 verbose lock using /Users/BoB/.npm/_locks/react-prism-3083af8c225a5be2.lock for /Users/BoB/Prog/getwarm/node_modules/react-prism
90 silly install write writing react-prism 3.0.0 to /Users/BoB/Prog/getwarm/node_modules/react-prism
91 verbose unbuild node_modules/react-prism
92 info preuninstall react-prism@3.0.0
93 info uninstall react-prism@3.0.0
94 verbose unbuild rmStuff react-prism@3.0.0 from /Users/BoB/Prog/getwarm/node_modules
95 info postuninstall react-prism@3.0.0
96 silly gentlyRm /Users/BoB/Prog/getwarm/node_modules/react-prism is being purged from base /Users/BoB/Prog/getwarm
97 verbose gentlyRm don't care about contents; nuking /Users/BoB/Prog/getwarm/node_modules/react-prism
98 silly vacuum-fs purging /Users/BoB/Prog/getwarm/node_modules/react-prism
99 silly vacuum-fs quitting because other entries in /Users/BoB/Prog/getwarm/node_modules
100 verbose tar unpack /Users/BoB/.npm/react-prism/3.0.0/package.tgz
101 verbose tar unpacking to /Users/BoB/Prog/getwarm/node_modules/react-prism
102 silly gentlyRm /Users/BoB/Prog/getwarm/node_modules/react-prism is being purged
103 verbose gentlyRm don't care about contents; nuking /Users/BoB/Prog/getwarm/node_modules/react-prism
104 silly gunzTarPerm modes [ '755', '644' ]
105 silly gunzTarPerm extractEntry package.json
106 silly gunzTarPerm extractEntry README.md
107 silly gunzTarPerm extractEntry LICENSE
108 silly gunzTarPerm extractEntry CHANGELOG.md
109 silly gunzTarPerm extractEntry lib/PrismCode.js
110 silly gunzTarPerm extractEntry lib/index.js
111 silly gunzTarPerm extractEntry lib/__tests__/PrismCode.spec.js
112 silly gunzTarPerm extractEntry lib/__tests__/index.spec.js
113 silly gunzTarPerm extractEntry src/PrismCode.js
114 silly gunzTarPerm extractEntry src/index.js
115 silly gunzTarPerm extractEntry src/__tests__/PrismCode.spec.js
116 silly gunzTarPerm extractEntry src/__tests__/index.spec.js
117 verbose write writing to /Users/BoB/Prog/getwarm/node_modules/react-prism/package.json
118 info preinstall react-prism@3.0.0
119 verbose readDependencies loading dependencies from /Users/BoB/Prog/getwarm/node_modules/react-prism/package.json
120 silly prepareForInstallMany adding react@^0.14.0 from react-prism peerDependencies
121 warn peerDependencies The peer dependency react@^0.14.0 included from react-prism will no
122 warn peerDependencies longer be automatically installed to fulfill the peerDependency
123 warn peerDependencies in npm 3+. Your application will need to depend on it explicitly.
124 verbose readDependencies loading dependencies from /Users/BoB/Prog/getwarm/node_modules/react-prism/package.json
125 silly install resolved []
126 verbose about to build /Users/BoB/Prog/getwarm/node_modules/react-prism
127 info build /Users/BoB/Prog/getwarm/node_modules/react-prism
128 info linkStuff react-prism@3.0.0
129 silly linkStuff react-prism@3.0.0 has /Users/BoB/Prog/getwarm/node_modules as its parent node_modules
130 verbose linkBins react-prism@3.0.0
131 verbose linkMans react-prism@3.0.0
132 verbose rebuildBundles react-prism@3.0.0
133 info install react-prism@3.0.0
134 info postinstall react-prism@3.0.0
135 verbose readDependencies loading dependencies from /Users/BoB/Prog/getwarm/package.json
136 verbose targetResolver reading package data from /Users/BoB/Prog/getwarm/node_modules/async/package.json
137 verbose targetResolver reading package data from /Users/BoB/Prog/getwarm/node_modules/browser-sync/package.json
138 verbose targetResolver reading package data from /Users/BoB/Prog/getwarm/node_modules/browserify/package.json
139 verbose targetResolver reading package data from /Users/BoB/Prog/getwarm/node_modules/chalk/package.json
140 verbose targetResolver reading package data from /Users/BoB/Prog/getwarm/node_modules/del/package.json
141 verbose targetResolver reading package data from /Users/BoB/Prog/getwarm/node_modules/envify/package.json
142 verbose targetResolver reading package data from /Users/BoB/Prog/getwarm/node_modules/flux/package.json
143 verbose targetResolver reading package data from /Users/BoB/Prog/getwarm/node_modules/gulp/package.json
144 verbose targetResolver reading package data from /Users/BoB/Prog/getwarm/node_modules/gulp-autoprefixer/package.json
145 verbose targetResolver reading package data from /Users/BoB/Prog/getwarm/node_modules/gulp-compass/package.json
146 verbose targetResolver reading package data from /Users/BoB/Prog/getwarm/node_modules/gulp-csso/package.json
147 verbose targetResolver reading package data from /Users/BoB/Prog/getwarm/node_modules/gulp-debug/package.json
148 verbose targetResolver reading package data from /Users/BoB/Prog/getwarm/node_modules/gulp-filter/package.json
149 verbose targetResolver reading package data from /Users/BoB/Prog/getwarm/node_modules/gulp-imagemin/package.json
150 verbose targetResolver reading package data from /Users/BoB/Prog/getwarm/node_modules/gulp-load-plugins/package.json
151 verbose targetResolver reading package data from /Users/BoB/Prog/getwarm/node_modules/gulp-plumber/package.json
152 verbose targetResolver reading package data from /Users/BoB/Prog/getwarm/node_modules/gulp-size/package.json
153 verbose targetResolver reading package data from /Users/BoB/Prog/getwarm/node_modules/gulp-useref/package.json
154 verbose targetResolver reading package data from /Users/BoB/Prog/getwarm/node_modules/highlight.js/package.json
155 verbose targetResolver reading package data from /Users/BoB/Prog/getwarm/node_modules/http-proxy/package.json
156 verbose targetResolver reading package data from /Users/BoB/Prog/getwarm/node_modules/jquery/package.json
157 verbose targetResolver reading package data from /Users/BoB/Prog/getwarm/node_modules/jshint-stylish/package.json
158 verbose targetResolver reading package data from /Users/BoB/Prog/getwarm/node_modules/keymirror/package.json
159 verbose targetResolver reading package data from /Users/BoB/Prog/getwarm/node_modules/lodash/package.json
160 verbose targetResolver reading package data from /Users/BoB/Prog/getwarm/node_modules/maestroform/package.json
161 verbose targetResolver reading package data from /Users/BoB/Prog/getwarm/node_modules/main-bower-files/package.json
162 verbose targetResolver reading package data from /Users/BoB/Prog/getwarm/node_modules/nprogress/package.json
163 verbose targetResolver reading package data from /Users/BoB/Prog/getwarm/node_modules/object-assign/package.json
164 verbose targetResolver reading package data from /Users/BoB/Prog/getwarm/node_modules/protractor/package.json
165 verbose targetResolver reading package data from /Users/BoB/Prog/getwarm/node_modules/randomcolor/package.json
166 verbose targetResolver reading package data from /Users/BoB/Prog/getwarm/node_modules/react/package.json
167 verbose targetResolver reading package data from /Users/BoB/Prog/getwarm/node_modules/react-grid-layout/package.json
168 verbose targetResolver reading package data from /Users/BoB/Prog/getwarm/node_modules/react-prism/package.json
169 verbose targetResolver reading package data from /Users/BoB/Prog/getwarm/node_modules/react-pure-render/package.json
170 verbose targetResolver reading package data from /Users/BoB/Prog/getwarm/node_modules/reactify/package.json
171 verbose targetResolver reading package data from /Users/BoB/Prog/getwarm/node_modules/require-dir/package.json
172 verbose targetResolver reading package data from /Users/BoB/Prog/getwarm/node_modules/showdown/package.json
173 verbose targetResolver reading package data from /Users/BoB/Prog/getwarm/node_modules/uglify-save-license/package.json
174 verbose targetResolver reading package data from /Users/BoB/Prog/getwarm/node_modules/validator/package.json
175 verbose targetResolver reading package data from /Users/BoB/Prog/getwarm/node_modules/vinyl-source-stream/package.json
176 verbose targetResolver reading package data from /Users/BoB/Prog/getwarm/node_modules/websocket/package.json
177 verbose targetResolver reading package data from /Users/BoB/Prog/getwarm/node_modules/wiredep/package.json
178 verbose targetResolver reading package data from /Users/BoB/Prog/getwarm/node_modules/.bin/browser-sync/package.json
179 verbose targetResolver reading package data from /Users/BoB/Prog/getwarm/node_modules/.bin/browserify/package.json
180 verbose targetResolver reading package data from /Users/BoB/Prog/getwarm/node_modules/.bin/envify/package.json
181 verbose targetResolver reading package data from /Users/BoB/Prog/getwarm/node_modules/.bin/gulp/package.json
182 verbose targetResolver reading package data from /Users/BoB/Prog/getwarm/node_modules/.bin/protractor/package.json
183 verbose targetResolver reading package data from /Users/BoB/Prog/getwarm/node_modules/.bin/showdown/package.json
184 verbose targetResolver reading package data from /Users/BoB/Prog/getwarm/node_modules/.bin/webdriver-manager/package.json
185 verbose targetResolver reading package data from /Users/BoB/Prog/getwarm/node_modules/.bin/wiredep/package.json
186 verbose already installed skipping react@^0.14.0 /Users/BoB/Prog/getwarm
187 silly install resolved []
188 verbose unlock done using /Users/BoB/.npm/_locks/react-prism-3083af8c225a5be2.lock for /Users/BoB/Prog/getwarm/node_modules/react-prism
189 verbose validateInstall loading /Users/BoB/Prog/getwarm/package.json for validation
190 verbose stack Error: The package react does not satisfy its siblings' peerDependencies requirements!
190 verbose stack     at /usr/local/lib/node_modules/npm/lib/install.js:125:32
190 verbose stack     at /usr/local/lib/node_modules/npm/lib/install.js:267:7
190 verbose stack     at /usr/local/lib/node_modules/npm/node_modules/read-installed/read-installed.js:138:5
190 verbose stack     at /usr/local/lib/node_modules/npm/node_modules/read-installed/read-installed.js:251:14
190 verbose stack     at cb (/usr/local/lib/node_modules/npm/node_modules/slide/lib/async-map.js:47:24)
190 verbose stack     at /usr/local/lib/node_modules/npm/node_modules/read-installed/read-installed.js:251:14
190 verbose stack     at cb (/usr/local/lib/node_modules/npm/node_modules/slide/lib/async-map.js:47:24)
190 verbose stack     at /usr/local/lib/node_modules/npm/node_modules/read-installed/read-installed.js:251:14
190 verbose stack     at cb (/usr/local/lib/node_modules/npm/node_modules/slide/lib/async-map.js:47:24)
190 verbose stack     at /usr/local/lib/node_modules/npm/node_modules/read-installed/read-installed.js:251:14
191 verbose cwd /Users/BoB/Prog/getwarm
192 error Darwin 15.0.0
193 error argv "node" "/usr/local/bin/npm" "i" "--save" "react-prism"
194 error node v0.12.7
195 error npm  v2.11.3
196 error code EPEERINVALID
197 error peerinvalid The package react does not satisfy its siblings' peerDependencies requirements!
197 error peerinvalid Peer react-prism@3.0.0 wants react@^0.14.0
198 verbose exit [ 1, true ]
